4 0
5 3
6 3
7 1
8 0
9 4
10 0
11 2
12 0
13 2
14 2
15 1
16 8
17 0
18 5
19 0
20 2
21 6
22 18
23 0
24 4
25 15
26 0
27 3
28 21
29 0
30 3
31 3
32 1
33 17
34 0
35 5
36 17
37 3
38 6
39 17
40 3
41 3
42 1
43 10
44 0
45 10
46 2
47 26
48 0
49 4
50 25
51 0
52 3
53 11
54 0
55 3
56 3
57 1
58 15
59 33
60 0
61 6
62 23
63 0
64 3
65 8
66 49
67 0
68 4
69 19
70 0
71 3
72 7
73 0
74 3
75 3
76 1
77 19
78 8
79 13
80 0
81 7
82 9
83 0
84 3
85 9
86 3
87 2
88 41
89 0
90 6
91 29
92 0
93 3
94 7
95 13
96 16
97 0
98 5
99 63
100 0
101 3
102 8
103 24
104 0
105 4
106 37
107 0
108 3
109 7
110 15
111 52
112 0
113 5
114 15
115 4
116 10
117 71
118 0
119 6
120 29
121 29
122 1
123 46
124 0
125 6
126 6
127 1
128 5
129 15
130 15
131 1
132 4
133 17
134 94
135 0
136 11
137 83
138 0
139 3
140 31
141 0
142 3
143 3
144 1
145 13
146 50
147 0
148 6
149 22
150 0
151 3
152 8
153 50
154 7
155 45
156 0
157 6
158 9
159 73
160 0
161 4
162 29
163 41
164 75
165 0
166 5
167 38
168 0
169 3
170 18
171 148
172 0
173 4
174 12
175 0
176 3
177 7
178 23
179 116
180 0
181 5
182 15
183 52
184 72
185 0
186 5
187 5
188 1
189 44
190 0
191 5
192 4
193 19
194 116
195 15
196 13
197 51
198 0
199 8
200 47
201 0
202 3
203 26
204 156
205 0
206 4
207 14
208 0
209 3
210 7
211 33
212 152
213 0
214 5
215 23
216 37
217 110
218 0
219 5
220 5
221 1
222 33
223 11
224 87
225 0
226 7
227 16
228 131
229 0
230 4
231 24
232 128
233 0
234 4
235 4
236 1
237 15
238 42
239 0
240 6
241 83
242 104
243 0
244 4
245 9
246 87
247 22
248 98
249 0
250 6
251 10
252 135
253 0
254 4
255 10
256 4
257 2
258 170
259 0
260 6
261 10
262 6
263 2
264 6
265 2
266 2
267 1
268 31
269 128
270 37
271 54
272 0
273 13
274 77
275 0
276 3
277 67
278 0
279 3
280 3
281 1
282 14
283 75
284 119
285 0
286 7
287 60
288 0
289 3
290 9
291 45
292 136
293 0
294 5
295 74
296 0
297 3
298 8
299 99
300 0
301 4
302 45
303 11
304 80
305 0
306 5
307 12
308 133
309 0
310 4
311 9
312 21
313 284
314 0
315 5
316 9
317 5
318 2
319 52
320 136
321 28
322 0
323 8
324 25
325 274
326 0
327 4
328 17
329 195
330 0
331 4
332 4
333 1
334 52
335 15
336 98
337 88
338 0
339 8
340 16
341 113
342 0
343 4
344 11
345 41
346 182
347 0
348 5
349 31
350 81
351 0
352 4
353 9
354 37
355 84
356 0
357 5
358 9
359 5
360 2
361 42
362 123
363 0
364 7
365 78
366 0
367 3
368 70
369 0
370 3
371 3
372 1
373 39
374 0
375 5
376 16
377 36
378 0
379 4
380 27
381 0
382 3
383 11
384 39
385 11
386 2
387 26
388 184
389 0
390 8
391 51
392 194
393 0
394 4
395 15
396 60
397 109
398 0
399 5
400 24
401 169
402 0
403 4
404 9
405 46
406 282
407 0
408 5
409 9
410 5
411 2
412 25
413 88
414 76
415 0
416 8
417 26
418 30
419 0
420 4
421 17
422 93
423 0
424 4
425 4
426 1
427 54
428 156
429 224
430 0
431 7
432 67
433 155
434 0
435 4
436 10
437 175
438 0
439 4
440 4
441 1
442 15
443 47
444 243
445 0
446 7
447 15
448 5
449 38
450 282
451 44
452 262
453 0
454 8
455 38
456 6
457 192
458 0
459 5
460 11
461 75
462 178
463 0
464 5
465 5
466 1
467 25
468 55
469 0
470 6
471 14
472 189
473 0
474 4
475 34
476 0
477 3
478 95
479 0
480 3
481 3
482 1
483 16
484 107
485 0
486 6
487 16
488 4
489 14
490 18
491 320
492 0
493 7
494 47
495 51
496 104
497 254
498 0
499 6
500 13
501 227
502 0
503 4
504 15
505 57
506 0
507 4
508 4
509 1
510 27
511 130
512 0
513 6
514 14
515 25
516 48
517 0
518 5
519 53
520 0
521 3
522 40
523 0
524 3
525 3
526 1
527 17
528 106
529 0
530 6
531 17
532 4
533 24
534 133
535 226
536 0
537 7
538 44
539 87
540 293
541 0
542 5
543 24
544 10
545 108
546 0
547 5
548 5
549 1
550 23
551 335
552 0
553 6
554 23
555 4
556 23
557 2
558 146
559 0
560 7
561 23
562 5
563 14
564 49
565 498
566 0
567 7
568 7
569 1
570 20
571 0
572 5
573 10
574 29
575 412
576 0
577 5
578 5
579 1
580 10
581 7
582 13
583 82
584 0
585 8
586 131
587 358
588 0
589 4
590 34
591 115
592 0
593 4
594 4
595 1
596 16
597 109
598 200
599 0
600 7
601 19
602 408
603 0
604 4
605 10
606 25
607 91
608 0
609 5
610 31
611 261
612 0
613 4
614 9
615 205
616 0
617 4
618 4
619 1
620 24
621 77
622 347
623 0
624 7
625 24
626 5
627 17
628 96
629 0
630 6
631 77
632 10
633 27
634 123
635 272
636 0
637 7
638 13
639 56
640 0
641 4
642 23
643 81
644 293
645 104
646 149
647 0
648 7
649 11
650 189
651 178
652 189
653 2
654 96
655 26
656 238
657 0
658 10
659 26
660 4
661 19
662 60
663 266
664 0
665 7
666 17
667 39
668 283
669 0
670 5
671 44
672 133
673 138
674 0
675 5
676 5
677 1
678 58
679 0
680 5
681 4
682 21
683 370
684 0
685 5
686 5
687 1
688 10
689 30
690 271
691 0
692 7
693 27
694 60
695 32
696 0
697 5
698 11
699 49
700 135
701 448
702 0
703 6
704 73
705 545
706 0
707 4
708 26
709 49
710 10
711 22
712 464
713 0
714 7
715 22
716 4
717 9
718 103
719 0
720 6
721 17
722 55
723 254
724 226
725 189
726 73
727 22
728 12
729 421
730 0
731 11
732 33
733 510
734 0
735 4
736 19
737 75
738 276
739 0
740 5
741 43
742 0
743 3
744 218
745 0
746 3
747 3
748 1
749 61
750 0
751 5
752 11
753 21
754 71
755 637
756 0
757 6
758 37
759 404
760 0
761 4
762 26
763 54
764 336
765 0
766 5
767 15
768 263
769 0
770 4
771 9
772 54
773 9
774 2
775 121
776 0
777 7
778 63
779 679
780 0
781 4
782 11
783 30
784 94
785 650
786 0
787 6
788 30
789 5
790 23
791 148
792 620
793 0
794 7
795 17
796 74
797 501
798 0
799 5
800 10
801 90
802 0
803 4
804 22
805 77
806 174
807 0
808 5
809 9
810 36
811 433
812 0
813 5
814 5
815 1
816 67
817 384
818 0
819 6
820 32
821 125
822 0
823 4
824 20
825 254
826 102
827 0
828 5
829 14
830 266
831 167
832 0
833 5
834 5
835 1
836 20
837 12
838 109
839 241
840 0
841 8
842 256
843 0
844 3
845 97
846 0
847 3
848 3
849 1
850 14
851 21
852 98
853 516
854 0
855 8
856 14
857 6
858 38
859 403
860 0
861 6
862 4
863 39
864 196
865 0
866 5
867 32
868 47
869 374
870 0
871 5
872 5
873 1
874 24
875 249
876 0
877 6
878 16
879 282
880 429
881 0
882 5
883 10
884 83
885 643
886 0
887 5
888 5
889 1
890 16
891 12
892 54
893 120
894 0
895 8
896 40
897 374
898 28
899 577
900 0
901 6
902 24
903 28
904 5
905 16
906 15
907 139
908 0
909 8
910 14
911 54
912 19
913 176
914 0
915 6
916 14
917 6
918 2
919 144
920 0
921 6
922 4
923 60
924 229
925 0
926 5
927 22
928 123
929 294
930 0
931 5
932 5
933 1
934 44
935 263
936 167
937 105
938 0
939 8
940 30
941 152
942 729
943 0
944 5
945 12
946 54
947 35
948 0
949 5
950 5
951 1
952 18
953 462
954 0
955 6
956 34
957 366
958 0
959 4
960 37
961 202
962 0
963 4
964 4
965 1
966 14
967 50
968 814
969 0
970 7
971 176
972 58
973 294
974 44
975 40
976 79
977 0
978 8
979 39
980 116
981 786
982 0
983 5
984 33
985 252
986 0
987 4
988 23
989 198
990 0
991 4
992 4
993 1
994 28
995 91
996 388
997 0
998 7
999 28
1000 5
1001 17
1002 206
1003 0
1004 6
1005 49
1006 296
1007 0
1008 4
1009 16
1010 104
1011 365
1012 0
1013 5
1014 13
1015 376
1016 0
1017 4
1018 9
1019 209
1020 0
1021 4
1022 4
1023 1
1024 30
1025 84
1026 670
1027 0
1028 7
1029 30
1030 5
1031 17
1032 30
1033 3
1034 185
1035 0
1036 8
1037 58
1038 65
1039 0
1040 4
1041 18
1042 89
1043 0
1044 4
1045 4
1046 1
1047 23
1048 59
1049 0
1050 6
1051 46
1052 646
1053 0
1054 4
1055 9
1056 37
1057 96
1058 403
1059 199
1060 0
1061 7
1062 33
1063 78
1064 698
1065 0
1066 5
1067 36
1068 257
1069 0
1070 4
1071 16
1072 62
1073 0
1074 4
1075 4
1076 1
1077 30
1078 45
1079 776
1080 0
1081 7
1082 20
1083 246
1084 0
1085 4
1086 10
1087 203
1088 0
1089 4
1090 4
1091 1
1092 15
1093 186
1094 0
1095 6
1096 45
1097 18
1098 56
1099 459
1100 0
1101 6
1102 6
1103 1
1104 12
1105 159
1106 0
1107 6
1108 5
1109 42
1110 748
1111 0
1112 5
1113 4
1114 23
1115 67
1116 299
1117 0
1118 6
1119 11
1120 337
1121 0
1122 4
1123 9
1124 68
1125 0
1126 4
1127 4
1128 1
1129 25
1130 523
1131 0
1132 6
1133 14
1134 167
1135 198
1136 146
1137 578
1138 0
1139 7
1140 58
1141 103
1142 423
1143 0
1144 5
1145 32
1146 278
1147 0
1148 4
1149 21
1150 298
1151 0
1152 4
1153 4
1154 1
1155 26
1156 393
1157 0
1158 6
1159 26
1160 4
1161 7
1162 22
1163 235
1164 0
1165 7
1166 4
1167 6
1168 9
1169 45
1170 73
1171 444
1172 0
1173 8
1174 137
1175 0
1176 3
1177 143
1178 0
1179 3
1180 3
1181 1
1182 27
1183 489
1184 0
1185 6
1186 18
1187 89
1188 145
1189 0
1190 5
1191 46
1192 140
1193 0
1194 4
1195 28
1196 196
1197 332
1198 0
1199 5
1200 9
1201 32
1202 56
1203 104
1204 193
1205 0
1206 7
1207 41
1208 862
1209 0
1210 4
1211 16
1212 140
1213 20
1214 131
1215 628
1216 0
1217 7
1218 11
1219 99
1220 920
1221 0
1222 5
1223 23
1224 109
1225 386
1226 0
1227 5
1228 5
1229 1
1230 48
1231 714
1232 0
1233 6
1234 48
1235 4
1236 25
1237 107
1238 753
1239 0
1240 7
1241 23
1242 18
1243 56
1244 41
1245 37
1246 189
1247 521
1248 0
1249 9
1250 49
1251 245
1252 0
1253 4
1254 18
1255 12
1256 151
1257 0
1258 5
1259 30
1260 182
1261 914
1262 0
1263 5
1264 5
1265 1
1266 36
1267 199
1268 208
1269 0
1270 7
1271 30
1272 12
1273 17
1274 242
1275 0
1276 6
1277 43
1278 536
1279 0
1280 4
1281 27
1282 99
1283 63
1284 505
1285 0
1286 6
1287 10
1288 201
1289 0
1290 4
1291 10
1292 4
1293 2
1294 375
1295 0
1296 6
1297 10
1298 6
1299 2
1300 6
1301 2
1302 2
1303 1
1304 38
1305 446
1306 0
1307 11
1308 89
1309 121
1310 534
1311 0
1312 5
1313 48
1314 79
1315 338
1316 0
1317 5
1318 5
1319 1
1320 16
1321 109
1322 97
1323 477
1324 0
1325 8
1326 152
1327 385
1328 0
1329 4
1330 37
1331 85
1332 0
1333 4
1334 4
1335 1
1336 16
1337 16
1338 1
1339 3
1340 159
1341 235
1342 178
1343 691
1344 0
1345 12
1346 73
1347 176
1348 376
1349 333
1350 0
1351 6
1352 51
1353 857
1354 0
1355 4
1356 21
1357 207
1358 0
1359 4
1360 4
1361 1
1362 23
1363 121
1364 54
1365 418
1366 0
1367 8
1368 42
1369 259
1370 0
1371 4
1372 11
1373 65
1374 335
1375 823
1376 0
1377 6
1378 26
1379 219
1380 0
1381 4
1382 10
1383 85
1384 52
1385 1050
1386 0
1387 6
1388 10
1389 6
1390 2
1391 88
1392 978
1393 0
1394 7
1395 124
1396 0
1397 3
1398 58
1399 258
1400 0
1401 4
1402 20
1403 189
1404 157
1405 0
1406 5
1407 88
1408 16
1409 71
1410 655
1411 0
1412 6
1413 23
1414 51
1415 62
1416 343
1417 0
1418 6
1419 6
1420 1
1421 59
1422 373
1423 0
1424 6
1425 5
1426 19
1427 514
1428 0
1429 5
1430 4
1431 29
1432 857
1433 79
1434 119
1435 1150
1436 0
1437 8
1438 70
1439 1070
1440 0
1441 4
1442 11
1443 70
1444 5
1445 15
1446 353
1447 0
1448 7
1449 54
1450 85
1451 67
1452 336
1453 688
1454 0
1455 7
1456 7
1457 1
1458 37
1459 128
1460 1190
1461 0
1462 7
1463 6
1464 39
1465 485
1466 0
1467 5
1468 23
1469 55
1470 747
1471 0
1472 5
1473 5
1474 1
1475 17
1476 202
1477 515
1478 0
1479 7
1480 17
1481 5
1482 8
1483 45
1484 314
1485 0
1486 7
1487 7
1488 1
1489 14
1490 356
1491 0
1492 6
1493 29
1494 62
1495 79
1496 62
1497 2
1498 107
1499 261
1500 888
1501 0
1502 10
1503 114
1504 0
1505 3
1506 108
1507 961
1508 0
1509 4
1510 68
1511 386
1512 286
1513 0
1514 5
1515 33
1516 453
1517 0
1518 4
1519 9
1520 270
1521 0
1522 4
1523 4
1524 1
1525 36
1526 259
1527 157
1528 123
1529 600
1530 0
1531 9
1532 12
1533 187
1534 0
1535 4
1536 12
1537 4
1538 2
1539 41
1540 295
1541 0
1542 7
1543 55
1544 74
1545 748
1546 435
1547 0
1548 6
1549 56
1550 306
1551 0
1552 4
1553 15
1554 108
1555 48
1556 242
1557 282
1558 678
1559 0
1560 8
1561 78
1562 498
1563 997
1564 0
1565 5
1566 51
1567 152
1568 241
1569 729
1570 627
1571 0
1572 7
1573 30
1574 302
1575 0
1576 4
1577 24
1578 675
1579 0
1580 4
1581 4
1582 1
1583 58
1584 185
1585 550
1586 0
1587 7
1588 15
1589 35
1590 642
1591 0
1592 5
1593 27
1594 312
1595 0
1596 4
1597 15
1598 9
1599 67
1600 148
1601 809
1602 0
1603 7
1604 16
1605 196
1606 409
1607 0
1608 5
1609 16
1610 5
1611 2
1612 73
1613 266
1614 783
1615 0
1616 8
1617 56
1618 68
1619 108
1620 65
1621 247
1622 0
1623 7
1624 20
1625 222
1626 0
1627 4
1628 31
1629 1018
1630 0
1631 4
1632 4
1633 1
1634 51
1635 68
1636 17
1637 156
1638 1209
1639 0
1640 9
1641 42
1642 273
1643 0
1644 4
1645 12
1646 109
1647 325
1648 0
1649 5
1650 39
1651 186
1652 558
1653 0
1654 5
1655 5
1656 1
1657 23
1658 189
1659 255
1660 0
1661 7
1662 38
1663 358
1664 1076
1665 0
1666 5
1667 11
1668 225
1669 0
1670 4
1671 26
1672 293
1673 1028
1674 0
1675 5
1676 9
1677 36
1678 152
1679 111
1680 0
1681 6
1682 133
1683 1010
1684 0
1685 4
1686 15
1687 89
1688 379
1689 0
1690 5
1691 15
1692 5
1693 2
1694 82
1695 1111
1696 0
1697 7
1698 36
1699 21
1700 343
1701 284
1702 1388
1703 0
1704 7
1705 7
1706 1
1707 50
1708 740
1709 0
1710 6
1711 29
1712 218
1713 968
1714 0
1715 5
1716 23
1717 59
1718 296
1719 712
1720 0
1721 6
1722 11
1723 55
1724 180
1725 0
1726 5
1727 11
1728 5
1729 2
1730 36
1731 32
1732 530
1733 0
1734 8
1735 118
1736 0
1737 3
1738 232
1739 0
1740 3
1741 3
1742 1
1743 36
1744 13
1745 730
1746 0
1747 7
1748 42
1749 107
1750 251
1751 0
1752 5
1753 24
1754 176
1755 407
1756 0
1757 5
1758 5
1759 1
1760 17
1761 124
1762 366
1763 805
1764 0
1765 8
1766 31
1767 138
1768 1094
1769 0
1770 5
1771 12
1772 126
1773 0
1774 4
1775 89
1776 88
1777 369
1778 0
1779 5
1780 9
1781 104
1782 578
1783 645
1784 0
1785 6
1786 64
1787 0
1788 3
1789 47
1790 921
1791 0
1792 4
1793 18
1794 539
1795 0
1796 4
1797 4
1798 1
1799 39
1800 149
1801 1154
1802 0
1803 7
1804 56
1805 187
1806 272
1807 1171
1808 0
1809 6
1810 24
1811 57
1812 1306
1813 0
1814 5
1815 35
1816 226
1817 1092
1818 0
1819 5
1820 5
1821 1
1822 23
1823 106
1824 1295
1825 0
1826 7
1827 23
1828 5
1829 8
1830 64
1831 44
1832 857
1833 400
1834 0
1835 9
1836 55
1837 113
1838 1496
1839 0
1840 5
1841 12
1842 70
1843 399
1844 0
1845 5
1846 5
1847 1
1848 26
1849 177
1850 0
1851 6
1852 42
1853 104
1854 72
1855 1670
1856 0
1857 6
1858 6
1859 1
1860 12
1861 19
1862 435
1863 316
1864 0
1865 8
1866 36
1867 123
1868 339
1869 0
1870 5
1871 24
1872 61
1873 1123
1874 0
1875 5
1876 5
1877 1
1878 18
1879 85
1880 429
1881 1000
1882 0
1883 8
1884 18
1885 6
1886 27
1887 293
1888 215
1889 0
1890 7
1891 64
1892 61
1893 20
1894 269
1895 0
1896 6
1897 11
1898 170
1899 1640
1900 0
1901 5
1902 25
1903 666
1904 0
1905 4
1906 108
1907 287
1908 0
1909 4
1910 4
1911 1
1912 34
1913 956
1914 0
1915 6
1916 19
1917 55
1918 81
1919 1275
1920 0
1921 6
1922 6
1923 1
1924 12
1925 64
1926 34
1927 14
1928 438
1929 0
1930 9
1931 95
1932 1453
1933 0
1934 4
1935 24
1936 64
1937 11
1938 40
1939 963
1940 0
1941 7
1942 51
1943 308
1944 0
1945 4
1946 11
1947 9
1948 17
1949 188
1950 0
1951 6
1952 29
1953 241
1954 385
1955 627
1956 385
1957 2
1958 228
1959 0
1960 9
1961 13
1962 217
1963 0
1964 4
1965 19
1966 49
1967 716
1968 0
1969 5
1970 68
1971 335
1972 597
1973 0
1974 5
1975 5
1976 1
1977 53
1978 1458
1979 0
1980 6
1981 29
1982 29
1983 1
1984 7
1985 43
1986 708
1987 0
1988 8
1989 105
1990 1052
1991 0
1992 4
1993 28
1994 798
1995 0
1996 4
1997 4
1998 1
1999 15
2000 308
2001 57
2002 190
2003 0
2004 8
2005 16
2006 396
2007 0
2008 4
2009 11
2010 63
2011 727
2012 0
2013 5
2014 38
2015 352
2016 0
2017 4
2018 9
2019 58
2020 436
